<?xml version="1.0" encoding="UTF-8"?>
<!-- Generated by org.testng.reporters.JUnitXMLReporter -->
<testsuite ignored="0" hostname="DESKTOP-IFDRR3S" failures="1" tests="1" name="DBConnection" time="1.131" errors="0" timestamp="2021-10-13T00:01:46 IST">
  <testcase classname="com.Sample_Prep.PreparationCodes.Sample_SQLConnection" name="mysqlconnectionDB" time="1.039">
    <failure type="java.sql.SQLSyntaxErrorException" message="You have an error in your SQL syntax; check the manual that corresponds to your MySQL server version for the right syntax to use near &amp;apos;select * from EmployeeInfo where name=&amp;apos;John&amp;apos;&amp;apos; at line 2">
      <![CDATA[java.sql.SQLSyntaxErrorException: You have an error in your SQL syntax; check the manual that corresponds to your MySQL server version for the right syntax to use near 'select * from EmployeeInfo where name='John'' at line 2
at com.mysql.cj.jdbc.exceptions.SQLError.createSQLException(SQLError.java:120)
at com.mysql.cj.jdbc.exceptions.SQLExceptionsMapping.translateException(SQLExceptionsMapping.java:122)
at com.mysql.cj.jdbc.StatementImpl.executeQuery(StatementImpl.java:1202)
at com.Sample_Prep.PreparationCodes.Sample_SQLConnection.mysqlconnectionDB(Sample_SQLConnection.java:21)
at java.base/java.util.ArrayList.forEach(ArrayList.java:1511)
... Removed 27 stack frames]]>
    </failure>
  </testcase> <!-- mysqlconnectionDB -->
</testsuite> <!-- DBConnection -->
