<?xml version="1.0" encoding="UTF-8"?>
<!-- Generated by org.testng.reporters.JUnitXMLReporter -->
<testsuite ignored="0" hostname="DESKTOP-IFDRR3S" failures="0" tests="7" name="DynandStaticJSON" time="8.276" errors="0" timestamp="2021-10-03T21:48:08 IST">
  <testcase classname="com.Sample_Prep.ResAssured.DynamicJSON" name="sampledynamicJSONoperation" time="6.013"/>
  <testcase classname="com.Sample_Prep.ResAssured.DynamicJSON" name="sampledynamicJSONoperation" time="0.339"/>
  <testcase classname="com.Sample_Prep.ResAssured.DynamicJSON" name="sampledynamicJSONoperation" time="0.3"/>
  <testcase classname="com.Sample_Prep.ResAssured.DynamicJSON" name="sampledynamicDeleteOperation" time="0.301"/>
  <testcase classname="com.Sample_Prep.ResAssured.DynamicJSON" name="sampledynamicDeleteOperation" time="0.306"/>
  <testcase classname="com.Sample_Prep.ResAssured.DynamicJSON" name="sampledynamicDeleteOperation" time="0.34"/>
  <testcase classname="com.Sample_Prep.ResAssured.StaticJSONPayload" name="SampleStaticJSON" time="0.545"/>
</testsuite> <!-- DynandStaticJSON -->
