<?xml version="1.0" encoding="UTF-8"?>
<!-- Generated by org.testng.reporters.JUnitXMLReporter -->
<testsuite ignored="0" hostname="DESKTOP-IFDRR3S" failures="0" tests="6" name="DynJSON" time="7.012" errors="0" timestamp="2021-09-22T13:37:15 IST">
  <testcase classname="com.Sample_Prep.ResAssured.DynamicJSON" name="sampledynamicJSONoperation" time="5.446"/>
  <testcase classname="com.Sample_Prep.ResAssured.DynamicJSON" name="sampledynamicJSONoperation" time="0.321"/>
  <testcase classname="com.Sample_Prep.ResAssured.DynamicJSON" name="sampledynamicJSONoperation" time="0.286"/>
  <testcase classname="com.Sample_Prep.ResAssured.DynamicJSON" name="sampledynamicDeleteOperation" time="0.324"/>
  <testcase classname="com.Sample_Prep.ResAssured.DynamicJSON" name="sampledynamicDeleteOperation" time="0.286"/>
  <testcase classname="com.Sample_Prep.ResAssured.DynamicJSON" name="sampledynamicDeleteOperation" time="0.213"/>
</testsuite> <!-- DynJSON -->
