<?xml version="1.0" encoding="UTF-8"?>
<!-- Generated by org.testng.reporters.JUnitXMLReporter -->
<testsuite ignored="2" hostname="DESKTOP-IFDRR3S" failures="0" tests="3" name="Test" time="1.04" errors="0" timestamp="2021-08-31T23:52:27 IST">
  <testcase classname="com.Sample_Prep.PreparationCodes.SampleTestNG" name="testcase2" time="0.011"/>
  <testcase classname="com.Sample_Prep.PreparationCodes.SampleTestNG" name="testcase2" time="0.003"/>
  <testcase classname="com.Sample_Prep.PreparationCodes.SampleTestNG" name="testcase1" time="0.922"/>
  <testcase classname="com.Sample_Prep.PreparationCodes.SampleTestNG" name="testcase3" time="0.0">
    <ignored/>
  </testcase> <!-- testcase3 -->
  <testcase classname="com.Sample_Prep.PreparationCodes.SampleTestNG" name="testcase4" time="0.0">
    <ignored/>
  </testcase> <!-- testcase4 -->
</testsuite> <!-- Test -->
