<?xml version="1.0" encoding="UTF-8"?>
<!-- Generated by org.testng.reporters.JUnitXMLReporter -->
<testsuite ignored="1" hostname="DESKTOP-IFDRR3S" failures="0" tests="1" name="Test6" time="20.709" errors="0" timestamp="2021-09-07T23:26:20 IST">
  <testcase classname="com.Sample_Prep.PreparationCodes.Sample_GlobalSQA" name="testAutomationElements" time="15.042"/>
  <testcase classname="com.Sample_Prep.PreparationCodes.Sample_GlobalSQA" name="sampleDomelements" time="0.0">
    <ignored/>
  </testcase> <!-- sampleDomelements -->
</testsuite> <!-- Test6 -->
