<?xml version="1.0" encoding="UTF-8"?>
<!-- Generated by org.testng.reporters.JUnitXMLReporter -->
<testsuite ignored="2" hostname="DESKTOP-IFDRR3S" failures="0" tests="3" name="Test2" time="0.021" errors="0" timestamp="2021-08-31T23:52:27 IST">
  <testcase classname="com.Sample_Prep.PreparationCodes.SampleTestNG" name="testcase2" time="0.002"/>
  <testcase classname="com.Sample_Prep.PreparationCodes.SampleTestNG" name="testcase2" time="0.002"/>
  <testcase classname="com.Sample_Prep.PreparationCodes.SampleTestNG" name="testcase3" time="0.002"/>
  <testcase classname="com.Sample_Prep.PreparationCodes.SampleTestNG" name="testcase4" time="0.0">
    <ignored/>
  </testcase> <!-- testcase4 -->
  <testcase classname="com.Sample_Prep.PreparationCodes.SampleTestNG" name="testcase1" time="0.0">
    <ignored/>
  </testcase> <!-- testcase1 -->
</testsuite> <!-- Test2 -->
