<?xml version="1.0" encoding="UTF-8"?>
<!-- Generated by org.testng.reporters.JUnitXMLReporter -->
<testsuite ignored="2" hostname="DESKTOP-IFDRR3S" failures="0" tests="0" time="2.836" errors="0" timestamp="2021-09-07T23:25:59 IST">
  <testcase classname="com.Sample_Prep.PreparationCodes.Sample_GlobalSQA" name="sampleDomelements" time="0.0">
    <ignored/>
  </testcase> <!-- sampleDomelements -->
  <testcase classname="com.Sample_Prep.PreparationCodes.Sample_GlobalSQA" name="testAutomationElements" time="0.0">
    <ignored/>
  </testcase> <!-- testAutomationElements -->
</testsuite>
